<testsuites name="jest tests" tests="0" failures="0" time="19.767">
</testsuites>